#
# There is insufficient memory for the Java Runtime Environment to continue.
# Native memory allocation (mmap) failed to map 199229440 bytes for G1 virtual space
# Possible reasons:
#   The system is out of physical RAM or swap space
#   The process is running with CompressedOops enabled, and the Java Heap may be blocking the growth of the native heap
# Possible solutions:
#   Reduce memory load on the system
#   Increase physical memory or swap space
#   Check if swap backing store is full
#   Decrease Java heap size (-Xmx/-Xms)
#   Decrease number of Java threads
#   Decrease Java thread stack sizes (-Xss)
#   Set larger code cache with -XX:ReservedCodeCacheSize=
#   JVM is running with Zero Based Compressed Oops mode in which the Java heap is
#     placed in the first 32GB address space. The Java Heap base address is the
#     maximum limit for the native heap growth. Please use -XX:HeapBaseMinAddress
#     to set the Java Heap base and to place the Java Heap above 32GB virtual address.
# This output file may be truncated or incomplete.
#
#  Out of Memory Error (os_windows.cpp:3536), pid=11176, tid=33560
#
# JRE version:  (19.0.2+7) (build )
# Java VM: Java HotSpot(TM) 64-Bit Server VM (19.0.2+7-44, mixed mode, sharing, tiered, compressed oops, compressed class ptrs, g1 gc, windows-amd64)
# No core dump will be written. Minidumps are not enabled by default on client versions of Windows
#

---------------  S U M M A R Y ------------

Command Line: -Dfile.encoding=UTF-8 --module-path=C:\Users\nishi\OneDrive\Documents\NetBeansProjects\Online Bank System\build\classes online.bank.system.Transactions

Host: Intel(R) Core(TM) i3-8145U CPU @ 2.10GHz, 4 cores, 11G,  Windows 11 , 64 bit Build 22621 (10.0.22621.2428)
Time: Fri Oct 20 15:14:31 2023 India Standard Time elapsed time: 0.010459 seconds (0d 0h 0m 0s)

---------------  T H R E A D  ---------------

Current thread (0x0000023ed5186480):  JavaThread "Unknown thread" [_thread_in_vm, id=33560, stack(0x000000bdf0800000,0x000000bdf0900000)]

Stack: [0x000000bdf0800000,0x000000bdf0900000]
Native frames: (J=compiled Java code, j=interpreted, Vv=VM code, C=native code)
V  [jvm.dll+0x6ee21a]
V  [jvm.dll+0x85765e]
V  [jvm.dll+0x85904e]
V  [jvm.dll+0x859703]
V  [jvm.dll+0x28298f]
V  [jvm.dll+0x6eb009]
V  [jvm.dll+0x6dfbaa]
V  [jvm.dll+0x3573f6]
V  [jvm.dll+0x35ee56]
V  [jvm.dll+0x3b541e]
V  [jvm.dll+0x3b564f]
V  [jvm.dll+0x32c9ea]
V  [jvm.dll+0x32d89e]
V  [jvm.dll+0x821780]
V  [jvm.dll+0x3c2661]
V  [jvm.dll+0x801f51]
V  [jvm.dll+0x44ae8f]
V  [jvm.dll+0x44c811]
C  [jli.dll+0x5287]
C  [ucrtbase.dll+0x29363]
C  [KERNEL32.DLL+0x1257d]
C  [ntdll.dll+0x5aa78]


---------------  P R O C E S S  ---------------

Threads class SMR info:
_java_thread_list=0x00007ffad23ad048, length=0, elements={
}

Java Threads: ( => current thread )

Other Threads:
  0x0000023ed51e38b0 WorkerThread "GC Thread#0" [stack: 0x000000bdf0900000,0x000000bdf0a00000] [id=31664]
  0x0000023ed51f05d0 ConcurrentGCThread "G1 Main Marker" [stack: 0x000000bdf0a00000,0x000000bdf0b00000] [id=17828]
  0x0000023ed51f1940 WorkerThread "G1 Conc#0" [stack: 0x000000bdf0b00000,0x000000bdf0c00000] [id=25568]

[error occurred during error reporting (printing all threads), id 0xc0000005, EXCEPTION_ACCESS_VIOLATION (0xc0000005) at pc=0x00007ffad1b6d427]

VM state: not at safepoint (not fully initialized)

VM Mutex/Monitor currently owned by a thread:  ([mutex/lock_event])
[0x0000023ed5181f40] Heap_lock - owner thread: 0x0000023ed5186480

Heap address: 0x0000000742400000, size: 3036 MB, Compressed Oops mode: Zero based, Oop shift amount: 3

CDS archive(s) mapped at: [0x0000000000000000-0x0000000000000000-0x0000000000000000), size 0, SharedBaseAddress: 0x0000000800000000, ArchiveRelocationMode: 0.
Narrow klass base: 0x0000000000000000, Narrow klass shift: 0, Narrow klass range: 0x0

GC Precious Log:
 CardTable entry size: 512
 Card Set container configuration: InlinePtr #cards 4 size 8 Array Of Cards #cards 16 size 48 Howl #buckets 8 coarsen threshold 3686 Howl Bitmap #cards 512 size 80 coarsen threshold 460 Card regions per heap region 1 cards per card region 4096

Heap:
 garbage-first heap   total 0K, used 0K [0x0000000742400000, 0x0000000800000000)
  region size 2048K, 0 young (0K), 0 survivors (0K)

[error occurred during error reporting (printing heap information), id 0xc0000005, EXCEPTION_ACCESS_VIOLATION (0xc0000005) at pc=0x00007ffad1f76649]

GC Heap History (0 events):
No events

Dll operation events (1 events):
Event: 0.007 Loaded shared library C:\Program Files\Java\jdk-19\bin\java.dll

Deoptimization events (0 events):
No events

Classes loaded (0 events):
No events

Classes unloaded (0 events):
No events

Classes redefined (0 events):
No events

Internal exceptions (0 events):
No events

VM Operations (0 events):
No events

Events (0 events):
No events


Dynamic libraries:
0x00007ff6db7f0000 - 0x00007ff6db800000 	C:\Program Files\Java\jdk-19\bin\java.exe
0x00007ffb5d910000 - 0x00007ffb5db27000 	C:\WINDOWS\SYSTEM32\ntdll.dll
0x00007ffb5cef0000 - 0x00007ffb5cfb4000 	C:\WINDOWS\System32\KERNEL32.DLL
0x00007ffb5b030000 - 0x00007ffb5b3d6000 	C:\WINDOWS\System32\KERNELBASE.dll
0x00007ffb5ac90000 - 0x00007ffb5ada1000 	C:\WINDOWS\System32\ucrtbase.dll
0x00007ffb51ae0000 - 0x00007ffb51af8000 	C:\Program Files\Java\jdk-19\bin\jli.dll
0x00007ffb55280000 - 0x00007ffb5529b000 	C:\Program Files\Java\jdk-19\bin\VCRUNTIME140.dll
0x00007ffb5bf30000 - 0x00007ffb5bfe0000 	C:\WINDOWS\System32\ADVAPI32.dll
0x00007ffb5cfe0000 - 0x00007ffb5d087000 	C:\WINDOWS\System32\msvcrt.dll
0x00007ffb5be80000 - 0x00007ffb5bf26000 	C:\WINDOWS\System32\sechost.dll
0x00007ffb5bff0000 - 0x00007ffb5c107000 	C:\WINDOWS\System32\RPCRT4.dll
0x00007ffb5d720000 - 0x00007ffb5d8cd000 	C:\WINDOWS\System32\USER32.dll
0x00007ffb5b5d0000 - 0x00007ffb5b5f6000 	C:\WINDOWS\System32\win32u.dll
0x00007ffb42950000 - 0x00007ffb42be3000 	C:\WINDOWS\WinSxS\amd64_microsoft.windows.common-controls_6595b64144ccf1df_6.0.22621.2361_none_2712ced57382f843\COMCTL32.dll
0x00007ffb5d650000 - 0x00007ffb5d679000 	C:\WINDOWS\System32\GDI32.dll
0x00007ffb5adb0000 - 0x00007ffb5aec8000 	C:\WINDOWS\System32\gdi32full.dll
0x00007ffb5af90000 - 0x00007ffb5b02a000 	C:\WINDOWS\System32\msvcp_win.dll
0x00007ffb53190000 - 0x00007ffb5319a000 	C:\WINDOWS\SYSTEM32\VERSION.dll
0x00007ffb5d6d0000 - 0x00007ffb5d701000 	C:\WINDOWS\System32\IMM32.DLL
0x00007ffb552b0000 - 0x00007ffb552bc000 	C:\Program Files\Java\jdk-19\bin\vcruntime140_1.dll
0x00007ffb24b20000 - 0x00007ffb24bae000 	C:\Program Files\Java\jdk-19\bin\msvcp140.dll
0x00007ffad1830000 - 0x00007ffad24f0000 	C:\Program Files\Java\jdk-19\bin\server\jvm.dll
0x00007ffb54c00000 - 0x00007ffb54c34000 	C:\WINDOWS\SYSTEM32\WINMM.dll
0x00007ffb50df0000 - 0x00007ffb50df9000 	C:\WINDOWS\SYSTEM32\WSOCK32.dll
0x00007ffb5d090000 - 0x00007ffb5d101000 	C:\WINDOWS\System32\WS2_32.dll
0x00007ffb59cd0000 - 0x00007ffb59ce8000 	C:\WINDOWS\SYSTEM32\kernel.appcore.dll
0x00007ffb54f60000 - 0x00007ffb54f6a000 	C:\Program Files\Java\jdk-19\bin\jimage.dll
0x00007ffb58590000 - 0x00007ffb587be000 	C:\WINDOWS\SYSTEM32\DBGHELP.DLL
0x00007ffb5b9f0000 - 0x00007ffb5bd7a000 	C:\WINDOWS\System32\combase.dll
0x00007ffb5b810000 - 0x00007ffb5b8e7000 	C:\WINDOWS\System32\OLEAUT32.dll
0x00007ffb52a70000 - 0x00007ffb52aa2000 	C:\WINDOWS\SYSTEM32\dbgcore.DLL
0x00007ffb5b3e0000 - 0x00007ffb5b45a000 	C:\WINDOWS\System32\bcryptPrimitives.dll
0x00007ffb51b00000 - 0x00007ffb51b26000 	C:\Program Files\Java\jdk-19\bin\java.dll

dbghelp: loaded successfully - version: 4.0.5 - missing functions: none
symbol engine: initialized successfully - sym options: 0x614 - pdb path: .;C:\Program Files\Java\jdk-19\bin;C:\WINDOWS\SYSTEM32;C:\WINDOWS\WinSxS\amd64_microsoft.windows.common-controls_6595b64144ccf1df_6.0.22621.2361_none_2712ced57382f843;C:\Program Files\Java\jdk-19\bin\server

VM Arguments:
jvm_args: -Dfile.encoding=UTF-8 --module-path=C:\Users\nishi\OneDrive\Documents\NetBeansProjects\Online Bank System\build\classes 
java_command: online.bank.system.Transactions
java_class_path (initial): C:\Users\nishi\Downloads\jcalendar-tz-1.3.3-4.jar;C:\Users\nishi\Downloads\mysql-connector-java-8.0.28.jar;C:\Users\nishi\OneDrive\Documents\NetBeansProjects\Online Bank System\build\classes
Launcher Type: SUN_STANDARD

[Global flags]
     intx CICompilerCount                          = 3                                         {product} {ergonomic}
     uint ConcGCThreads                            = 1                                         {product} {ergonomic}
     uint G1ConcRefinementThreads                  = 4                                         {product} {ergonomic}
   size_t G1HeapRegionSize                         = 2097152                                   {product} {ergonomic}
    uintx GCDrainStackTargetSize                   = 64                                        {product} {ergonomic}
   size_t InitialHeapSize                          = 199229440                                 {product} {ergonomic}
   size_t MarkStackSize                            = 4194304                                   {product} {ergonomic}
   size_t MaxHeapSize                              = 3183476736                                {product} {ergonomic}
   size_t MinHeapDeltaBytes                        = 2097152                                   {product} {ergonomic}
   size_t MinHeapSize                              = 8388608                                   {product} {ergonomic}
    uintx NonNMethodCodeHeapSize                   = 5832780                                {pd product} {ergonomic}
    uintx NonProfiledCodeHeapSize                  = 122912730                              {pd product} {ergonomic}
    uintx ProfiledCodeHeapSize                     = 122912730                              {pd product} {ergonomic}
    uintx ReservedCodeCacheSize                    = 251658240                              {pd product} {ergonomic}
     bool SegmentedCodeCache                       = true                                      {product} {ergonomic}
   size_t SoftMaxHeapSize                          = 3183476736                             {manageable} {ergonomic}
     bool UseCompressedClassPointers               = true                           {product lp64_product} {ergonomic}
     bool UseCompressedOops                        = true                           {product lp64_product} {ergonomic}
     bool UseG1GC                                  = true                                      {product} {ergonomic}
     bool UseLargePagesIndividualAllocation        = false                                  {pd product} {ergonomic}

Logging:
Log output configuration:
 #0: stdout all=warning uptime,level,tags foldmultilines=false
 #1: stderr all=off uptime,level,tags foldmultilines=false

Environment Variables:
JAVA_HOME=C:\Program Files\Java\jdk-19
PATH=C:\Python311\Scripts\;C:\Python311\;C:\Program Files\Common Files\Oracle\Java\javapath;C:\WINDOWS\system32;C:\WINDOWS;C:\WINDOWS\System32\Wbem;C:\WINDOWS\System32\WindowsPowerShell\v1.0\;C:\WINDOWS\System32\OpenSSH\;C:\Program Files\Java\jdk-19\bin;C:\Program Files\Common Files\Oracle\Java\javapath;C:\Program Files (x86)\nodejs\;C:\ProgramData\chocolatey\bin;C:\MinGW\bin;C:\Program Files\MongoDB\Server\6.0\bin;C:\mongosh\mongosh-1.8.2-win32-x64\bin;C:\Program Files\MySQL\MySQL Server 8.0\bin;C:\Program Files\Java\jdk-20\bin;C:\MinGW\bin;C:\Program Files\MySQL\MySQL Shell 8.0\bin\;C:\Users\nishi\AppData\Local\Microsoft\WindowsApps;C:\Users\nishi\AppData\Local\Programs\Microsoft VS Code\bin;C:\Users\nishi\AppData\Roaming\npm;C:\Program Files (x86)\nodejs;
USERNAME=nishi
OS=Windows_NT
PROCESSOR_IDENTIFIER=Intel64 Family 6 Model 142 Stepping 12, GenuineIntel
TMP=C:\Users\nishi\AppData\Local\Temp
TEMP=C:\Users\nishi\AppData\Local\Temp



---------------  S Y S T E M  ---------------

OS:
 Windows 11 , 64 bit Build 22621 (10.0.22621.2428)
OS uptime: 7 days 2:28 hours

CPU: total 4 (initial active 4) (2 cores per cpu, 2 threads per core) family 6 model 142 stepping 12 microcode 0xde, cx8, cmov, fxsr, ht, mmx, 3dnowpref, sse, sse2, sse3, ssse3, sse4.1, sse4.2, popcnt, lzcnt, tsc, tscinvbit, avx, avx2, aes, erms, clmul, bmi1, bmi2, adx, fma, vzeroupper, clflush, clflushopt, rdtscp

Memory: 4k page, system-wide physical 12140M (1301M free)
TotalPageFile size 42570M (AvailPageFile size 53M)
current process WorkingSet (physical memory assigned to process): 12M, peak: 12M
current process commit charge ("private bytes"): 52M, peak: 242M

vm_info: Java HotSpot(TM) 64-Bit Server VM (19.0.2+7-44) for windows-amd64 JRE (19.0.2+7-44), built on 2022-11-30T18:02:09Z by "mach5one" with MS VC++ 17.1 (VS2022)

END.
