#
# There is insufficient memory for the Java Runtime Environment to continue.
# Native memory allocation (mmap) failed to map 130023424 bytes for G1 virtual space
# Possible reasons:
#   The system is out of physical RAM or swap space
#   The process is running with CompressedOops enabled, and the Java Heap may be blocking the growth of the native heap
# Possible solutions:
#   Reduce memory load on the system
#   Increase physical memory or swap space
#   Check if swap backing store is full
#   Decrease Java heap size (-Xmx/-Xms)
#   Decrease number of Java threads
#   Decrease Java thread stack sizes (-Xss)
#   Set larger code cache with -XX:ReservedCodeCacheSize=
#   JVM is running with Unscaled Compressed Oops mode in which the Java heap is
#     placed in the first 4GB address space. The Java Heap base address is the
#     maximum limit for the native heap growth. Please use -XX:HeapBaseMinAddress
#     to set the Java Heap base and to place the Java Heap above 4GB virtual address.
# This output file may be truncated or incomplete.
#
#  Out of Memory Error (os_windows.cpp:3548), pid=34580, tid=41800
#
# JRE version:  (17.0.10+11) (build )
# Java VM: Java HotSpot(TM) 64-Bit Server VM (17.0.10+11-LTS-240, mixed mode, sharing, tiered, compressed oops, compressed class ptrs, g1 gc, windows-amd64)
# No core dump will be written. Minidumps are not enabled by default on client versions of Windows
#

---------------  S U M M A R Y ------------

Command Line: -Dfile.encoding=UTF-8 -XX:+ShowCodeDetailsInExceptionMessages online.bank.system.SignupOne

Host: 11th Gen Intel(R) Core(TM) i5-1135G7 @ 2.40GHz, 8 cores, 7G,  Windows 11 , 64 bit Build 22621 (10.0.22621.3085)
Time: Fri Mar 29 13:19:11 2024 India Standard Time elapsed time: 0.018371 seconds (0d 0h 0m 0s)

---------------  T H R E A D  ---------------

Current thread (0x000001ff81dd0480):  JavaThread "Unknown thread" [_thread_in_vm, id=41800, stack(0x0000004104200000,0x0000004104300000)]

Stack: [0x0000004104200000,0x0000004104300000]
Native frames: (J=compiled Java code, j=interpreted, Vv=VM code, C=native code)
V  [jvm.dll+0x677a5a]
V  [jvm.dll+0x7d8b2d]
V  [jvm.dll+0x7da48e]
V  [jvm.dll+0x7daaf3]
V  [jvm.dll+0x2455ff]
V  [jvm.dll+0x6749b9]
V  [jvm.dll+0x669382]
V  [jvm.dll+0x302e96]
V  [jvm.dll+0x30a416]
V  [jvm.dll+0x359cbe]
V  [jvm.dll+0x359eef]
V  [jvm.dll+0x2d9e88]
V  [jvm.dll+0x2dadf4]
V  [jvm.dll+0x7aa551]
V  [jvm.dll+0x367911]
V  [jvm.dll+0x789639]
V  [jvm.dll+0x3eb30f]
V  [jvm.dll+0x3ecd91]
C  [jli.dll+0x5297]
C  [ucrtbase.dll+0x29363]
C  [KERNEL32.DLL+0x1257d]
C  [ntdll.dll+0x5aa58]


---------------  P R O C E S S  ---------------

Threads class SMR info:
_java_thread_list=0x00007ffe4bc56a18, length=0, elements={
}

Java Threads: ( => current thread )

Other Threads:
  0x000001ff81e298b0 GCTaskThread "GC Thread#0" [stack: 0x0000004104300000,0x0000004104400000] [id=41712]
  0x000001ff81e39cc0 ConcurrentGCThread "G1 Main Marker" [stack: 0x0000004104400000,0x0000004104500000] [id=30496]
  0x000001ff81e3ad70 ConcurrentGCThread "G1 Conc#0" [stack: 0x0000004104500000,0x0000004104600000] [id=3796]

[error occurred during error reporting (printing all threads), id 0xc0000005, EXCEPTION_ACCESS_VIOLATION (0xc0000005) at pc=0x00007ffe4b48aae7]

VM state: not at safepoint (not fully initialized)

VM Mutex/Monitor currently owned by a thread:  ([mutex/lock_event])
[0x000001ff81dcc1b0] Heap_lock - owner thread: 0x000001ff81dd0480

Heap address: 0x0000000085200000, size: 1966 MB, Compressed Oops mode: 32-bit

CDS archive(s) mapped at: [0x0000000000000000-0x0000000000000000-0x0000000000000000), size 0, SharedBaseAddress: 0x0000000800000000, ArchiveRelocationMode: 1.
Narrow klass base: 0x0000000000000000, Narrow klass shift: 0, Narrow klass range: 0x0

GC Precious Log:
<Empty>

Heap:
 garbage-first heap   total 0K, used 0K [0x0000000085200000, 0x0000000100000000)
  region size 1024K, 0 young (0K), 0 survivors (0K)

[error occurred during error reporting (printing heap information), id 0xc0000005, EXCEPTION_ACCESS_VIOLATION (0xc0000005) at pc=0x00007ffe4b871249]

GC Heap History (0 events):
No events

Deoptimization events (0 events):
No events

Classes unloaded (0 events):
No events

Classes redefined (0 events):
No events

Internal exceptions (0 events):
No events

VM Operations (0 events):
No events

Events (1 events):
Event: 0.012 Loaded shared library C:\Program Files\Java\jdk-17\bin\java.dll


Dynamic libraries:
0x00007ff718c10000 - 0x00007ff718c20000 	C:\Program Files\Java\jdk-17\bin\javaw.exe
0x00007ffedbd90000 - 0x00007ffedbfa7000 	C:\WINDOWS\SYSTEM32\ntdll.dll
0x00007ffedb400000 - 0x00007ffedb4c4000 	C:\WINDOWS\System32\KERNEL32.DLL
0x00007ffed9100000 - 0x00007ffed94a6000 	C:\WINDOWS\System32\KERNELBASE.dll
0x00007ffed9740000 - 0x00007ffed9851000 	C:\WINDOWS\System32\ucrtbase.dll
0x00007ffeab3a0000 - 0x00007ffeab3b9000 	C:\Program Files\Java\jdk-17\bin\jli.dll
0x00007ffebb820000 - 0x00007ffebb83b000 	C:\Program Files\Java\jdk-17\bin\VCRUNTIME140.dll
0x00007ffedac30000 - 0x00007ffedace3000 	C:\WINDOWS\System32\ADVAPI32.dll
0x00007ffeda100000 - 0x00007ffeda1a7000 	C:\WINDOWS\System32\msvcrt.dll
0x00007ffedbc30000 - 0x00007ffedbcd8000 	C:\WINDOWS\System32\sechost.dll
0x00007ffed90d0000 - 0x00007ffed90f8000 	C:\WINDOWS\System32\bcrypt.dll
0x00007ffedae70000 - 0x00007ffedaf87000 	C:\WINDOWS\System32\RPCRT4.dll
0x00007ffedba80000 - 0x00007ffedbc2e000 	C:\WINDOWS\System32\USER32.dll
0x00007ffed9620000 - 0x00007ffed9646000 	C:\WINDOWS\System32\win32u.dll
0x00007ffedba50000 - 0x00007ffedba79000 	C:\WINDOWS\System32\GDI32.dll
0x00007ffed9860000 - 0x00007ffed9978000 	C:\WINDOWS\System32\gdi32full.dll
0x00007ffeb8120000 - 0x00007ffeb83b3000 	C:\WINDOWS\WinSxS\amd64_microsoft.windows.common-controls_6595b64144ccf1df_6.0.22621.2506_none_270c5ae97388e100\COMCTL32.dll
0x00007ffed9a40000 - 0x00007ffed9ada000 	C:\WINDOWS\System32\msvcp_win.dll
0x00007ffed6910000 - 0x00007ffed691a000 	C:\WINDOWS\SYSTEM32\VERSION.dll
0x00007ffedb970000 - 0x00007ffedb9a1000 	C:\WINDOWS\System32\IMM32.DLL
0x00007ffeb6b60000 - 0x00007ffeb6b6c000 	C:\Program Files\Java\jdk-17\bin\vcruntime140_1.dll
0x00007ffe806c0000 - 0x00007ffe8074e000 	C:\Program Files\Java\jdk-17\bin\msvcp140.dll
0x00007ffe4b1a0000 - 0x00007ffe4bd7f000 	C:\Program Files\Java\jdk-17\bin\server\jvm.dll
0x00007ffeda3c0000 - 0x00007ffeda3c8000 	C:\WINDOWS\System32\PSAPI.DLL
0x00007ffecf290000 - 0x00007ffecf2c4000 	C:\WINDOWS\SYSTEM32\WINMM.dll
0x00007ffe9b290000 - 0x00007ffe9b299000 	C:\WINDOWS\SYSTEM32\WSOCK32.dll
0x00007ffedb380000 - 0x00007ffedb3f1000 	C:\WINDOWS\System32\WS2_32.dll
0x00007ffed80f0000 - 0x00007ffed8108000 	C:\WINDOWS\SYSTEM32\kernel.appcore.dll
0x00007ffe9b280000 - 0x00007ffe9b28a000 	C:\Program Files\Java\jdk-17\bin\jimage.dll
0x00007ffed6690000 - 0x00007ffed68c3000 	C:\WINDOWS\SYSTEM32\DBGHELP.DLL
0x00007ffedaff0000 - 0x00007ffedb379000 	C:\WINDOWS\System32\combase.dll
0x00007ffed9fc0000 - 0x00007ffeda097000 	C:\WINDOWS\System32\OLEAUT32.dll
0x00007ffeb2e00000 - 0x00007ffeb2e32000 	C:\WINDOWS\SYSTEM32\dbgcore.DLL
0x00007ffed9650000 - 0x00007ffed96ca000 	C:\WINDOWS\System32\bcryptPrimitives.dll
0x00007ffe93a10000 - 0x00007ffe93a35000 	C:\Program Files\Java\jdk-17\bin\java.dll

dbghelp: loaded successfully - version: 4.0.5 - missing functions: none
symbol engine: initialized successfully - sym options: 0x614 - pdb path: .;C:\Program Files\Java\jdk-17\bin;C:\WINDOWS\SYSTEM32;C:\WINDOWS\WinSxS\amd64_microsoft.windows.common-controls_6595b64144ccf1df_6.0.22621.2506_none_270c5ae97388e100;C:\Program Files\Java\jdk-17\bin\server

VM Arguments:
jvm_args: -Dfile.encoding=UTF-8 -XX:+ShowCodeDetailsInExceptionMessages 
java_command: online.bank.system.SignupOne
java_class_path (initial): C:\Users\ketan\OneDrive\Desktop\ATM\ATM.zip_expanded\ATM\build\classes;C:\Users\ketan\OneDrive\Desktop\ATM\ATM.zip_expanded\ATM\jcalendar-tz-1.3.3-4.jar;C:\Users\ketan\OneDrive\Desktop\ATM\ATM.zip_expanded\ATM\mysql-connector-java-8.0.28.jar
Launcher Type: SUN_STANDARD

[Global flags]
     intx CICompilerCount                          = 4                                         {product} {ergonomic}
     uint ConcGCThreads                            = 2                                         {product} {ergonomic}
     uint G1ConcRefinementThreads                  = 8                                         {product} {ergonomic}
   size_t G1HeapRegionSize                         = 1048576                                   {product} {ergonomic}
    uintx GCDrainStackTargetSize                   = 64                                        {product} {ergonomic}
   size_t InitialHeapSize                          = 130023424                                 {product} {ergonomic}
   size_t MarkStackSize                            = 4194304                                   {product} {ergonomic}
   size_t MaxHeapSize                              = 2061500416                                {product} {ergonomic}
   size_t MinHeapDeltaBytes                        = 1048576                                   {product} {ergonomic}
   size_t MinHeapSize                              = 8388608                                   {product} {ergonomic}
    uintx NonNMethodCodeHeapSize                   = 5839372                                {pd product} {ergonomic}
    uintx NonProfiledCodeHeapSize                  = 122909434                              {pd product} {ergonomic}
    uintx ProfiledCodeHeapSize                     = 122909434                              {pd product} {ergonomic}
    uintx ReservedCodeCacheSize                    = 251658240                              {pd product} {ergonomic}
     bool SegmentedCodeCache                       = true                                      {product} {ergonomic}
     bool ShowCodeDetailsInExceptionMessages       = true                                   {manageable} {command line}
   size_t SoftMaxHeapSize                          = 2061500416                             {manageable} {ergonomic}
     bool UseCompressedClassPointers               = true                           {product lp64_product} {ergonomic}
     bool UseCompressedOops                        = true                           {product lp64_product} {ergonomic}
     bool UseG1GC                                  = true                                      {product} {ergonomic}
     bool UseLargePagesIndividualAllocation        = false                                  {pd product} {ergonomic}

Logging:
Log output configuration:
 #0: stdout all=warning uptime,level,tags
 #1: stderr all=off uptime,level,tags

Environment Variables:
JAVA_HOME=C:\Program Files\Java\jdk-20
PATH=C:\Program Files\Common Files\Oracle\Java\javapath;C:\WINDOWS\system32;C:\WINDOWS;C:\WINDOWS\System32\Wbem;C:\WINDOWS\System32\WindowsPowerShell\v1.0\;C:\WINDOWS\System32\OpenSSH\;C:\MinGW\bin;C:\Program Files\dotnet\;C:\Program Files\Microsoft SQL Server\150\Tools\Binn\;C:\Program Files\Microsoft SQL Server\Client SDK\ODBC\170\Tools\Binn\;C:\Program Files\Java\jdk-17\bin;C:\Program Files\MySQL\MySQL Shell 8.0\bin\;C:\Users\ketan\AppData\Local\Microsoft\WindowsApps;;C:\Users\ketan\AppData\Local\Programs\Microsoft VS Code\bin;C:\Users\ketan\.dotnet\tools
USERNAME=ketan
OS=Windows_NT
PROCESSOR_IDENTIFIER=Intel64 Family 6 Model 140 Stepping 1, GenuineIntel



---------------  S Y S T E M  ---------------

OS:
 Windows 11 , 64 bit Build 22621 (10.0.22621.3085)
OS uptime: 8 days 9:43 hours
Hyper-V role detected

CPU: total 8 (initial active 8) (4 cores per cpu, 2 threads per core) family 6 model 140 stepping 1 microcode 0xa4, cx8, cmov, fxsr, ht, mmx, 3dnowpref, sse, sse2, sse3, ssse3, sse4.1, sse4.2, popcnt, lzcnt, tsc, tscinvbit, avx, avx2, aes, erms, clmul, bmi1, bmi2, adx, avx512f, avx512dq, avx512cd, avx512bw, avx512vl, sha, fma, vzeroupper, avx512_vpopcntdq, avx512_vpclmulqdq, avx512_vaes, avx512_vnni, clflush, clflushopt, clwb, avx512_vbmi2, avx512_vbmi, hv

Memory: 4k page, system-wide physical 7859M (958M free)
TotalPageFile size 32435M (AvailPageFile size 25M)
current process WorkingSet (physical memory assigned to process): 11M, peak: 11M
current process commit charge ("private bytes"): 60M, peak: 184M

vm_info: Java HotSpot(TM) 64-Bit Server VM (17.0.10+11-LTS-240) for windows-amd64 JRE (17.0.10+11-LTS-240), built on Dec 19 2023 21:47:25 by "mach5one" with MS VC++ 17.1 (VS2022)

END.
